<?xml version="1.0" encoding="UTF-8"?>
<testsuite xmlns:xsi="http://www.w3.org/2001/XMLSchema-instance" xsi:noNamespaceSchemaLocation="https://maven.apache.org/surefire/maven-surefire-plugin/xsd/surefire-test-report-3.0.xsd" version="3.0" name="com.genderapi.runners.TestRunner" time="0.638" tests="5" errors="0" skipped="0" failures="0">
  <properties>
[...]
</properties>
  <testcase name="Predict gender of a single name" classname="Genderize API Testing" time="0.349">
    <system-out><![CDATA[
Scenario: Predict gender of a single name          # src/test/resources/features/genderapi.feature:3
Starting mock server...
Mock server started successfully.
  Given I have the name "Emily"                    # com.genderapi.stepdefinitions.GenderizeSteps.i_have_the_name(java.lang.String)
  When I send a request to Genderize API           # com.genderapi.stepdefinitions.GenderizeSteps.i_send_request()
  Then the response should contain gender "female" # com.genderapi.stepdefinitions.GenderizeSteps.response_should_contain_gender(java.lang.String)
]]></system-out>
    <system-err><![CDATA[SLF4J: Failed to load class "org.slf4j.impl.StaticLoggerBinder".
SLF4J: Defaulting to no-operation (NOP) logger implementation
SLF4J: See http://www.slf4j.org/codes.html#StaticLoggerBinder for further details.
]]></system-err>
  </testcase>
  <testcase name="Predict gender with country context #1" classname="Genderize API Testing" time="0.015">
    <system-out><![CDATA[
Scenario Outline: Predict gender with country context # src/test/resources/features/genderapi.feature:15
Starting mock server...
Mock server started successfully.
  Given I have the name "Andrea" and country "IT"     # com.genderapi.stepdefinitions.GenderizeSteps.i_have_name_and_country(java.lang.String,java.lang.String)
  When I send a request to Genderize API              # com.genderapi.stepdefinitions.GenderizeSteps.i_send_request()
  Then the response should contain gender "male"      # com.genderapi.stepdefinitions.GenderizeSteps.response_should_contain_gender(java.lang.String)
]]></system-out>
  </testcase>
  <testcase name="Predict gender with country context #2" classname="Genderize API Testing" time="0.016">
    <system-out><![CDATA[
Scenario Outline: Predict gender with country context # src/test/resources/features/genderapi.feature:16
Starting mock server...
Mock server started successfully.
  Given I have the name "Andrea" and country "US"     # com.genderapi.stepdefinitions.GenderizeSteps.i_have_name_and_country(java.lang.String,java.lang.String)
  When I send a request to Genderize API              # com.genderapi.stepdefinitions.GenderizeSteps.i_send_request()
  Then the response should contain gender "female"    # com.genderapi.stepdefinitions.GenderizeSteps.response_should_contain_gender(java.lang.String)
]]></system-out>
  </testcase>
  <testcase name="Predict gender for multiple names" classname="Genderize API Testing" time="0.018">
    <system-out><![CDATA[
Scenario: Predict gender for multiple names              # src/test/resources/features/genderapi.feature:18
Starting mock server...
Mock server started successfully.
  Given I have multiple names "John, Sarah, Alex"        # com.genderapi.stepdefinitions.GenderizeSteps.i_have_multiple_names(java.lang.String)
  When I send a request to Genderize API                 # com.genderapi.stepdefinitions.GenderizeSteps.i_send_request()
  Then the response should contain genders for all names # com.genderapi.stepdefinitions.GenderizeSteps.response_should_contain_genders_for_all_names()
]]></system-out>
  </testcase>
  <testcase name="Edge case - empty name" classname="Genderize API Testing" time="0.01">
    <system-out><![CDATA[
Scenario: Edge case - empty name                           # src/test/resources/features/genderapi.feature:23
Starting mock server...
Mock server started successfully.
  Given I have an empty name                               # com.genderapi.stepdefinitions.GenderizeSteps.i_have_empty_name()
  When I send a request to Genderize API                   # com.genderapi.stepdefinitions.GenderizeSteps.i_send_request()
  Then the response should return an error or empty result # com.genderapi.stepdefinitions.GenderizeSteps.response_should_return_error_or_empty()
]]></system-out>
  </testcase>
</testsuite>