<?xml version="1.0" encoding="UTF-8"?>
<testsuite xmlns:xsi="http://www.w3.org/2001/XMLSchema-instance" xsi:noNamespaceSchemaLocation="https://maven.apache.org/surefire/maven-surefire-plugin/xsd/surefire-test-report-3.0.xsd" version="3.0" name="com.genderapi.runners.TestRunner" time="0.698" tests="7" errors="0" skipped="0" failures="0">
  <properties>
[...]
</properties>
  <testcase name="Predict gender of a single name" classname="Genderize API Testing" time="0.375">
    <system-out><![CDATA[
Scenario: Predict gender of a single name # src/test/resources/features/genderapi.feature:3
  Given I have the name "peter"           # com.genderapi.stepdefinitions.GenderizeSteps.i_have_the_name(java.lang.String)
  When I send a request to Genderize API  # com.genderapi.stepdefinitions.GenderizeSteps.i_send_request()
  Then the response should contain:       # com.genderapi.stepdefinitions.GenderizeSteps.verify_response_fields(io.cucumber.datatable.DataTable)
    | field       | value   |
    | name        | peter   |
    | gender      | male    |
    | probability | 1       |
    | count       | 1094417 |
]]></system-out>
    <system-err><![CDATA[SLF4J: Failed to load class "org.slf4j.impl.StaticLoggerBinder".
SLF4J: Defaulting to no-operation (NOP) logger implementation
SLF4J: See http://www.slf4j.org/codes.html#StaticLoggerBinder for further details.
]]></system-err>
  </testcase>
  <testcase name="Predict gender with country context #1" classname="Genderize API Testing" time="0.011">
    <system-out><![CDATA[
Scenario Outline: Predict gender with country context # src/test/resources/features/genderapi.feature:26
  Given I have the name "kim" and country "US"        # com.genderapi.stepdefinitions.GenderizeSteps.i_have_name_and_country(java.lang.String,java.lang.String)
  When I send a request to Genderize API              # com.genderapi.stepdefinitions.GenderizeSteps.i_send_request()
  Then the response should contain:                   # com.genderapi.stepdefinitions.GenderizeSteps.verify_response_fields(io.cucumber.datatable.DataTable)
    | field       | value  |
    | name        | kim    |
    | country_id  | US     |
    | gender      | female |
    | probability | 0.95   |
    | count       | 28672  |
]]></system-out>
  </testcase>
  <testcase name="Predict gender with country context #2" classname="Genderize API Testing" time="0.019">
    <system-out><![CDATA[
Scenario Outline: Predict gender with country context # src/test/resources/features/genderapi.feature:27
  Given I have the name "kim" and country "DK"        # com.genderapi.stepdefinitions.GenderizeSteps.i_have_name_and_country(java.lang.String,java.lang.String)
  When I send a request to Genderize API              # com.genderapi.stepdefinitions.GenderizeSteps.i_send_request()
  Then the response should contain:                   # com.genderapi.stepdefinitions.GenderizeSteps.verify_response_fields(io.cucumber.datatable.DataTable)
    | field       | value |
    | name        | kim   |
    | country_id  | DK    |
    | gender      | male  |
    | probability | 0.96  |
    | count       | 3626  |
]]></system-out>
  </testcase>
  <testcase name="Predict gender for multiple names" classname="Genderize API Testing" time="0.015">
    <system-out><![CDATA[
Scenario: Predict gender for multiple names       # src/test/resources/features/genderapi.feature:29
  Given I have multiple names "peter,lois,stewie" # com.genderapi.stepdefinitions.GenderizeSteps.i_have_multiple_names(java.lang.String)
  When I send a request to Genderize API          # com.genderapi.stepdefinitions.GenderizeSteps.i_send_request()
  Then the response should contain 3 predictions  # com.genderapi.stepdefinitions.GenderizeSteps.verify_prediction_count(int)
  And prediction 1 should contain:                # com.genderapi.stepdefinitions.GenderizeSteps.verify_prediction_fields(int,io.cucumber.datatable.DataTable)
    | field       | value   |
    | name        | peter   |
    | gender      | male    |
    | probability | 1       |
    | count       | 1094417 |
  And prediction 2 should contain:                # com.genderapi.stepdefinitions.GenderizeSteps.verify_prediction_fields(int,io.cucumber.datatable.DataTable)
    | field       | value  |
    | name        | lois   |
    | gender      | female |
    | probability | 0.98   |
    | count       | 50141  |
  And prediction 3 should contain:                # com.genderapi.stepdefinitions.GenderizeSteps.verify_prediction_fields(int,io.cucumber.datatable.DataTable)
    | field       | value  |
    | name        | stewie |
    | gender      | male   |
    | probability | 0.94   |
    | count       | 361    |
]]></system-out>
  </testcase>
  <testcase name="Edge case - no name provided" classname="Genderize API Testing" time="0.009">
    <system-out><![CDATA[
Scenario: Edge case - no name provided   # src/test/resources/features/genderapi.feature:52
  Given I have the name ""               # com.genderapi.stepdefinitions.GenderizeSteps.i_have_the_name(java.lang.String)
  When I send a request to Genderize API # com.genderapi.stepdefinitions.GenderizeSteps.i_send_request()
  Then the response should contain:      # com.genderapi.stepdefinitions.GenderizeSteps.verify_response_fields(io.cucumber.datatable.DataTable)
    | field       | value |
    | count       | 0     |
    | name        | ""    |
    | gender      | null  |
    | probability | 0.0   |
]]></system-out>
  </testcase>
  <testcase name="Edge case - wrong name provided" classname="Genderize API Testing" time="0.008">
    <system-out><![CDATA[
Scenario: Edge case - wrong name provided # src/test/resources/features/genderapi.feature:62
  Given I have the name "peter2"          # com.genderapi.stepdefinitions.GenderizeSteps.i_have_the_name(java.lang.String)
  When I send a request to Genderize API  # com.genderapi.stepdefinitions.GenderizeSteps.i_send_request()
  Then the response should contain:       # com.genderapi.stepdefinitions.GenderizeSteps.verify_response_fields(io.cucumber.datatable.DataTable)
    | field       | value  |
    | count       | 0      |
    | name        | peter2 |
    | gender      | null   |
    | probability | 0.0    |
]]></system-out>
  </testcase>
  <testcase name="Edge case - wrong country ID" classname="Genderize API Testing" time="0.009">
    <system-out><![CDATA[
Scenario: Edge case - wrong country ID          # src/test/resources/features/genderapi.feature:72
  Given I have the name "kim" and country "US2" # com.genderapi.stepdefinitions.GenderizeSteps.i_have_name_and_country(java.lang.String,java.lang.String)
  When I send a request to Genderize API        # com.genderapi.stepdefinitions.GenderizeSteps.i_send_request()
  Then the response should contain:             # com.genderapi.stepdefinitions.GenderizeSteps.verify_response_fields(io.cucumber.datatable.DataTable)
    | field       | value |
    | count       | 0     |
    | name        | kim   |
    | country_id  | US2   |
    | gender      | null  |
    | probability | 0.0   |
]]></system-out>
  </testcase>
</testsuite>